<?xml version="1.0" encoding="UTF-8"?>
<testsuite xmlns:xsi="http://www.w3.org/2001/XMLSchema-instance" xsi:noNamespaceSchemaLocation="https://maven.apache.org/surefire/maven-surefire-plugin/xsd/surefire-test-report-3.0.xsd" version="3.0" name="kim.nikita.service.HeroServiceTest" time="23.608" tests="5" errors="0" skipped="0" failures="0">
  <properties>
[...]
</properties>
  <testcase name="testCreateFriendshipWithTheNoFoundHeroes" classname="kim.nikita.service.HeroServiceTest" time="0.12">
    <system-err><![CDATA[SLF4J: Failed to load class "org.slf4j.impl.StaticLoggerBinder".
SLF4J: Defaulting to no-operation (NOP) logger implementation
SLF4J: See http://www.slf4j.org/codes.html#StaticLoggerBinder for further details.
]]></system-err>
  </testcase>
  <testcase name="testCreateFriendshipWithTheSameHeroes" classname="kim.nikita.service.HeroServiceTest" time="0.092"/>
  <testcase name="testGetFriendship" classname="kim.nikita.service.HeroServiceTest" time="0.067"/>
  <testcase name="testGetAllHeroes" classname="kim.nikita.service.HeroServiceTest" time="0.046"/>
  <testcase name="testCreateVictimshipAlreadyInBase" classname="kim.nikita.service.HeroServiceTest" time="0.144"/>
</testsuite>